# JRE version: OpenJDK Runtime Environment Corretto-11.0.19.7.1 (11.0.19+7) (build 11.0.19+7-LTS)
# Java VM: OpenJDK 64-Bit Server VM Corretto-11.0.19.7.1 (11.0.19+7-LTS, mixed mode, tiered, compressed oops, g1 gc, windows-amd64)
Heap:
 garbage-first heap   total 310272K, used 67103K [0x0000000704400000, 0x0000000800000000)
  region size 1024K, 54 young (55296K), 10 survivors (10240K)
 Metaspace       used 63506K, capacity 65489K, committed 65712K, reserved 1105920K
  class space    used 8085K, capacity 8864K, committed 8960K, reserved 1048576K
GC Heap History (16 events):
Event: 0.623 GC heap before
{Heap before GC invocations=0 (full 0):
 garbage-first heap   total 258048K, used 24576K [0x0000000704400000, 0x0000000800000000)
  region size 1024K, 24 young (24576K), 0 survivors (0K)
 Metaspace       used 14089K, capacity 14472K, committed 14720K, reserved 1062912K
  class space    used 1460K, capacity 1591K, committed 1664K, reserved 1048576K
}
Event: 0.628 GC heap after
{Heap after GC invocations=1 (full 0):
 garbage-first heap   total 258048K, used 7167K [0x0000000704400000, 0x0000000800000000)
  region size 1024K, 3 young (3072K), 3 survivors (3072K)
 Metaspace       used 14089K, capacity 14472K, committed 14720K, reserved 1062912K
  class space    used 1460K, capacity 1591K, committed 1664K, reserved 1048576K
}
Event: 0.768 GC heap before
{Heap before GC invocations=1 (full 0):
 garbage-first heap   total 258048K, used 24575K [0x0000000704400000, 0x0000000800000000)
  region size 1024K, 20 young (20480K), 3 survivors (3072K)
 Metaspace       used 16602K, capacity 17061K, committed 17408K, reserved 1064960K
  class space    used 1777K, capacity 1928K, committed 2048K, reserved 1048576K
}
Event: 0.772 GC heap after
{Heap after GC invocations=2 (full 0):
 garbage-first heap   total 258048K, used 8026K [0x0000000704400000, 0x0000000800000000)
  region size 1024K, 1 young (1024K), 1 survivors (1024K)
 Metaspace       used 16602K, capacity 17061K, committed 17408K, reserved 1064960K
  class space    used 1777K, capacity 1928K, committed 2048K, reserved 1048576K
}
Event: 1.001 GC heap before
{Heap before GC invocations=2 (full 0):
 garbage-first heap   total 258048K, used 36698K [0x0000000704400000, 0x0000000800000000)
  region size 1024K, 30 young (30720K), 1 survivors (1024K)
 Metaspace       used 20488K, capacity 21121K, committed 21296K, reserved 1069056K
  class space    used 2339K, capacity 2596K, committed 2688K, reserved 1048576K
}
Event: 1.004 GC heap after
{Heap after GC invocations=3 (full 0):
 garbage-first heap   total 258048K, used 9168K [0x0000000704400000, 0x0000000800000000)
  region size 1024K, 2 young (2048K), 2 survivors (2048K)
 Metaspace       used 20488K, capacity 21121K, committed 21296K, reserved 1069056K
  class space    used 2339K, capacity 2596K, committed 2688K, reserved 1048576K
}
Event: 1.317 GC heap before
{Heap before GC invocations=4 (full 0):
 garbage-first heap   total 258048K, used 60368K [0x0000000704400000, 0x0000000800000000)
  region size 1024K, 52 young (53248K), 2 survivors (2048K)
 Metaspace       used 25938K, capacity 26914K, committed 27184K, reserved 1073152K
  class space    used 3070K, capacity 3434K, committed 3456K, reserved 1048576K
}
Event: 1.322 GC heap after
{Heap after GC invocations=5 (full 0):
 garbage-first heap   total 258048K, used 11582K [0x0000000704400000, 0x0000000800000000)
  region size 1024K, 5 young (5120K), 5 survivors (5120K)
 Metaspace       used 25938K, capacity 26914K, committed 27184K, reserved 1073152K
  class space    used 3070K, capacity 3434K, committed 3456K, reserved 1048576K
}
Event: 1.918 GC heap before
{Heap before GC invocations=5 (full 0):
 garbage-first heap   total 258048K, used 98622K [0x0000000704400000, 0x0000000800000000)
  region size 1024K, 90 young (92160K), 5 survivors (5120K)
 Metaspace       used 32326K, capacity 33619K, committed 33968K, reserved 1079296K
  class space    used 3988K, capacity 4487K, committed 4608K, reserved 1048576K
}
Event: 1.926 GC heap after
{Heap after GC invocations=6 (full 0):
 garbage-first heap   total 310272K, used 15011K [0x0000000704400000, 0x0000000800000000)
  region size 1024K, 8 young (8192K), 8 survivors (8192K)
 Metaspace       used 32326K, capacity 33619K, committed 33968K, reserved 1079296K
  class space    used 3988K, capacity 4487K, committed 4608K, reserved 1048576K
}
Event: 2.088 GC heap before
{Heap before GC invocations=6 (full 0):
 garbage-first heap   total 310272K, used 39587K [0x0000000704400000, 0x0000000800000000)
  region size 1024K, 33 young (33792K), 8 survivors (8192K)
 Metaspace       used 34461K, capacity 35730K, committed 35920K, reserved 1081344K
  class space    used 4224K, capacity 4744K, committed 4768K, reserved 1048576K
}
Event: 2.099 GC heap after
{Heap after GC invocations=7 (full 0):
 garbage-first heap   total 310272K, used 16450K [0x0000000704400000, 0x0000000800000000)
  region size 1024K, 9 young (9216K), 9 survivors (9216K)
 Metaspace       used 34461K, capacity 35730K, committed 35920K, reserved 1081344K
  class space    used 4224K, capacity 4744K, committed 4768K, reserved 1048576K
}
Event: 3.715 GC heap before
{Heap before GC invocations=8 (full 0):
 garbage-first heap   total 310272K, used 178242K [0x0000000704400000, 0x0000000800000000)
  region size 1024K, 166 young (169984K), 9 survivors (9216K)
 Metaspace       used 54437K, capacity 56168K, committed 56272K, reserved 1097728K
  class space    used 6970K, capacity 7637K, committed 7712K, reserved 1048576K
}
Event: 3.727 GC heap after
{Heap after GC invocations=9 (full 0):
 garbage-first heap   total 310272K, used 27121K [0x0000000704400000, 0x0000000800000000)
  region size 1024K, 19 young (19456K), 19 survivors (19456K)
 Metaspace       used 54437K, capacity 56168K, committed 56272K, reserved 1097728K
  class space    used 6970K, capacity 7637K, committed 7712K, reserved 1048576K
}
Event: 5.700 GC heap before
{Heap before GC invocations=9 (full 0):
 garbage-first heap   total 310272K, used 157169K [0x0000000704400000, 0x0000000800000000)
  region size 1024K, 145 young (148480K), 19 survivors (19456K)
 Metaspace       used 58184K, capacity 59951K, committed 60080K, reserved 1101824K
  class space    used 7412K, capacity 8107K, committed 8192K, reserved 1048576K
}
Event: 5.718 GC heap after
{Heap after GC invocations=10 (full 0):
 garbage-first heap   total 310272K, used 24095K [0x0000000704400000, 0x0000000800000000)
  region size 1024K, 10 young (10240K), 10 survivors (10240K)
 Metaspace       used 58184K, capacity 59951K, committed 60080K, reserved 1101824K
  class space    used 7412K, capacity 8107K, committed 8192K, reserved 1048576K
}

